

Started GET "/signup" for 127.0.0.1 at 2014-03-03 20:38:27 +0100

ActionController::RoutingError (No route matches [GET] "/signup"):
  actionpack (4.0.2) lib/action_dispatch/middleware/debug_exceptions.rb:21:in `call'
  actionpack (4.0.2) lib/action_dispatch/middleware/show_exceptions.rb:30:in `call'
  railties (4.0.2) lib/rails/rack/logger.rb:38:in `call_app'
  railties (4.0.2) lib/rails/rack/logger.rb:20:in `block in call'
  activesupport (4.0.2) lib/active_support/tagged_logging.rb:67:in `block in tagged'
  activesupport (4.0.2) lib/active_support/tagged_logging.rb:25:in `tagged'
  activesupport (4.0.2) lib/active_support/tagged_logging.rb:67:in `tagged'
  railties (4.0.2) lib/rails/rack/logger.rb:20:in `call'
  actionpack (4.0.2) lib/action_dispatch/middleware/request_id.rb:21:in `call'
  rack (1.5.2) lib/rack/methodoverride.rb:21:in `call'
  rack (1.5.2) lib/rack/runtime.rb:17:in `call'
  activesupport (4.0.2) lib/active_support/cache/strategy/local_cache.rb:83:in `call'
  rack (1.5.2) lib/rack/lock.rb:17:in `call'
  actionpack (4.0.2) lib/action_dispatch/middleware/static.rb:64:in `call'
  rack (1.5.2) lib/rack/sendfile.rb:112:in `call'
  railties (4.0.2) lib/rails/engine.rb:511:in `call'
  railties (4.0.2) lib/rails/application.rb:97:in `call'
  rack (1.5.2) lib/rack/lock.rb:17:in `call'
  rack (1.5.2) lib/rack/content_length.rb:14:in `call'
  rack (1.5.2) lib/rack/handler/webrick.rb:60:in `service'
  /System/Library/Frameworks/Ruby.framework/Versions/2.0/usr/lib/ruby/2.0.0/webrick/httpserver.rb:138:in `service'
  /System/Library/Frameworks/Ruby.framework/Versions/2.0/usr/lib/ruby/2.0.0/webrick/httpserver.rb:94:in `run'
  /System/Library/Frameworks/Ruby.framework/Versions/2.0/usr/lib/ruby/2.0.0/webrick/server.rb:295:in `block in start_thread'


  Rendered /Library/Ruby/Gems/2.0.0/gems/actionpack-4.0.2/lib/action_dispatch/middleware/templates/rescues/_trace.erb (0.8ms)
  Rendered /Library/Ruby/Gems/2.0.0/gems/actionpack-4.0.2/lib/action_dispatch/middleware/templates/routes/_route.html.erb (0.6ms)
  Rendered /Library/Ruby/Gems/2.0.0/gems/actionpack-4.0.2/lib/action_dispatch/middleware/templates/routes/_table.html.erb (2.8ms)
  Rendered /Library/Ruby/Gems/2.0.0/gems/actionpack-4.0.2/lib/action_dispatch/middleware/templates/rescues/routing_error.erb within rescues/layout (16.4ms)


Started GET "/" for 127.0.0.1 at 2014-03-03 20:38:35 +0100
Processing by PagesController#home as HTML
  Rendered pages/home.html.erb within layouts/application (0.3ms)
  Rendered layouts/_stylesheets.html.erb (19.1ms)
  Rendered layouts/_header.html.erb (3.1ms)
Completed 200 OK in 50ms (Views: 26.8ms | ActiveRecord: 0.0ms)


Started GET "/" for 127.0.0.1 at 2014-03-03 20:45:29 +0100
Processing by PagesController#home as HTML
  Rendered pages/home.html.erb within layouts/application (0.8ms)
  Rendered layouts/_stylesheets.html.erb (37.8ms)
  Rendered layouts/_header.html.erb (3.2ms)
Completed 200 OK in 70ms (Views: 49.4ms | ActiveRecord: 0.0ms)


Started GET "/" for 127.0.0.1 at 2014-03-04 03:29:21 +0100

ActiveRecord::PendingMigrationError (Migrations are pending; run 'bin/rake db:migrate RAILS_ENV=development' to resolve this issue.):
  activerecord (4.0.2) lib/active_record/migration.rb:379:in `check_pending!'
  activerecord (4.0.2) lib/active_record/migration.rb:366:in `call'
  actionpack (4.0.2) lib/action_dispatch/middleware/callbacks.rb:29:in `block in call'
  activesupport (4.0.2) lib/active_support/callbacks.rb:373:in `_run__2639852262682112431__call__callbacks'
  activesupport (4.0.2) lib/active_support/callbacks.rb:80:in `run_callbacks'
  actionpack (4.0.2) lib/action_dispatch/middleware/callbacks.rb:27:in `call'
  actionpack (4.0.2) lib/action_dispatch/middleware/reloader.rb:64:in `call'
  actionpack (4.0.2) lib/action_dispatch/middleware/remote_ip.rb:76:in `call'
  actionpack (4.0.2) lib/action_dispatch/middleware/debug_exceptions.rb:17:in `call'
  actionpack (4.0.2) lib/action_dispatch/middleware/show_exceptions.rb:30:in `call'
  railties (4.0.2) lib/rails/rack/logger.rb:38:in `call_app'
  railties (4.0.2) lib/rails/rack/logger.rb:20:in `block in call'
  activesupport (4.0.2) lib/active_support/tagged_logging.rb:67:in `block in tagged'
  activesupport (4.0.2) lib/active_support/tagged_logging.rb:25:in `tagged'
  activesupport (4.0.2) lib/active_support/tagged_logging.rb:67:in `tagged'
  railties (4.0.2) lib/rails/rack/logger.rb:20:in `call'
  actionpack (4.0.2) lib/action_dispatch/middleware/request_id.rb:21:in `call'
  rack (1.5.2) lib/rack/methodoverride.rb:21:in `call'
  rack (1.5.2) lib/rack/runtime.rb:17:in `call'
  activesupport (4.0.2) lib/active_support/cache/strategy/local_cache.rb:83:in `call'
  rack (1.5.2) lib/rack/lock.rb:17:in `call'
  actionpack (4.0.2) lib/action_dispatch/middleware/static.rb:64:in `call'
  rack (1.5.2) lib/rack/sendfile.rb:112:in `call'
  railties (4.0.2) lib/rails/engine.rb:511:in `call'
  railties (4.0.2) lib/rails/application.rb:97:in `call'
  rack (1.5.2) lib/rack/lock.rb:17:in `call'
  rack (1.5.2) lib/rack/content_length.rb:14:in `call'
  rack (1.5.2) lib/rack/handler/webrick.rb:60:in `service'
  /System/Library/Frameworks/Ruby.framework/Versions/2.0/usr/lib/ruby/2.0.0/webrick/httpserver.rb:138:in `service'
  /System/Library/Frameworks/Ruby.framework/Versions/2.0/usr/lib/ruby/2.0.0/webrick/httpserver.rb:94:in `run'
  /System/Library/Frameworks/Ruby.framework/Versions/2.0/usr/lib/ruby/2.0.0/webrick/server.rb:295:in `block in start_thread'


  Rendered /Library/Ruby/Gems/2.0.0/gems/actionpack-4.0.2/lib/action_dispatch/middleware/templates/rescues/_source.erb (0.5ms)
  Rendered /Library/Ruby/Gems/2.0.0/gems/actionpack-4.0.2/lib/action_dispatch/middleware/templates/rescues/_trace.erb (0.8ms)
  Rendered /Library/Ruby/Gems/2.0.0/gems/actionpack-4.0.2/lib/action_dispatch/middleware/templates/rescues/_request_and_response.erb (1.1ms)
  Rendered /Library/Ruby/Gems/2.0.0/gems/actionpack-4.0.2/lib/action_dispatch/middleware/templates/rescues/diagnostics.erb within rescues/layout (16.0ms)
  [1m[36m (1.0ms)[0m  [1mCREATE TABLE "schema_migrations" ("version" varchar(255) NOT NULL) [0m
  [1m[35m (0.7ms)[0m  CREATE UNIQUE INDEX "unique_schema_migrations" ON "schema_migrations" ("version")
  [1m[36mActiveRecord::SchemaMigration Load (0.1ms)[0m  [1mSELECT "schema_migrations".* FROM "schema_migrations"[0m
Migrating to CreateUsers (20140304021707)
  [1m[35m (0.1ms)[0m  begin transaction
  [1m[36m (0.3ms)[0m  [1mCREATE TABLE "users" ("id" INTEGER PRIMARY KEY AUTOINCREMENT NOT NULL, "nom" varchar(255), "prenom" varchar(255), "email" varchar(255), "created_at" datetime, "updated_at" datetime) [0m
  [1m[35mSQL (0.2ms)[0m  INSERT INTO "schema_migrations" ("version") VALUES (?)  [["version", "20140304021707"]]
  [1m[36m (0.7ms)[0m  [1mcommit transaction[0m
  [1m[35mActiveRecord::SchemaMigration Load (0.1ms)[0m  SELECT "schema_migrations".* FROM "schema_migrations"


Started GET "/" for 127.0.0.1 at 2014-03-04 03:29:45 +0100
  [1m[36mActiveRecord::SchemaMigration Load (0.1ms)[0m  [1mSELECT "schema_migrations".* FROM "schema_migrations"[0m
Processing by PagesController#home as HTML
  Rendered pages/home.html.erb within layouts/application (1.4ms)
  Rendered layouts/_stylesheets.html.erb (44.5ms)
  Rendered layouts/_header.html.erb (11.3ms)
Completed 500 Internal Server Error in 91ms

ActionView::Template::Error (undefined local variable or method `about_pah' for #<#<Class:0x007ff9d6109870>:0x007ff9d6108bc8>):
     5:         <li><%= link_to "Accueil", '#' %></li>
     6:         <li><%= link_to "Offre Pro", '#' %></li>
     7:         <li><%= link_to "Inscription", signup_path %></li>
     8:         <li><%=link_to "A Propos De Nous", about_pah%></li>
     9: 	     <li><%= link_to "Connexion", '#' %></li>
    10:       </ul>
    11:     </nav>
  app/views/layouts/_header.html.erb:8:in `_app_views_layouts__header_html_erb__3036820491293944538_70355480155680'
  app/views/layouts/application.html.erb:10:in `_app_views_layouts_application_html_erb___1503281446620050303_70355507668660'


  Rendered /Library/Ruby/Gems/2.0.0/gems/actionpack-4.0.2/lib/action_dispatch/middleware/templates/rescues/_trace.erb (1.0ms)
  Rendered /Library/Ruby/Gems/2.0.0/gems/actionpack-4.0.2/lib/action_dispatch/middleware/templates/rescues/_request_and_response.erb (0.8ms)
  Rendered /Library/Ruby/Gems/2.0.0/gems/actionpack-4.0.2/lib/action_dispatch/middleware/templates/rescues/template_error.erb within rescues/layout (9.1ms)


Started GET "/" for 127.0.0.1 at 2014-03-04 03:30:09 +0100
Processing by PagesController#home as HTML
  Rendered pages/home.html.erb within layouts/application (0.0ms)
  Rendered layouts/_stylesheets.html.erb (13.9ms)
  Rendered layouts/_header.html.erb (3.5ms)
Completed 200 OK in 21ms (Views: 20.1ms | ActiveRecord: 0.0ms)


Started GET "/signup" for 127.0.0.1 at 2014-03-04 03:30:12 +0100
Processing by UsersController#new as HTML
  Rendered users/new.html.erb within layouts/application (0.3ms)
  Rendered layouts/_stylesheets.html.erb (12.6ms)
  Rendered layouts/_header.html.erb (3.4ms)
Completed 200 OK in 23ms (Views: 19.2ms | ActiveRecord: 0.3ms)


Started GET "/about" for 127.0.0.1 at 2014-03-04 03:30:14 +0100
Processing by PagesController#about as HTML
  Rendered pages/about.html.erb within layouts/application (0.3ms)
  Rendered layouts/_stylesheets.html.erb (16.0ms)
  Rendered layouts/_header.html.erb (3.1ms)
Completed 200 OK in 24ms (Views: 23.2ms | ActiveRecord: 0.0ms)


Started GET "/signup" for 127.0.0.1 at 2014-03-04 03:30:16 +0100
Processing by UsersController#new as HTML
  Rendered users/new.html.erb within layouts/application (0.0ms)
  Rendered layouts/_stylesheets.html.erb (13.6ms)
  Rendered layouts/_header.html.erb (2.9ms)
Completed 200 OK in 20ms (Views: 18.9ms | ActiveRecord: 0.0ms)


Started GET "/signup" for 127.0.0.1 at 2014-03-04 03:32:21 +0100
Processing by UsersController#new as HTML
  Rendered users/new.html.erb within layouts/application (40.3ms)
Completed 500 Internal Server Error in 42ms

ActionView::Template::Error (undefined method `users_path' for #<#<Class:0x007ff9d435f4c8>:0x007ff9d2d9e008>):
    1: <h1>Inscription</h1>
    2: 
    3: <%= form_for(@user) do |f| %>
    4:   <div class="field">
    5:     <%= f.label :nom %><br />
    6:     <%= f.text_field :nom %>
  app/views/users/new.html.erb:3:in `_app_views_users_new_html_erb___2686517677187668608_70355480536800'


  Rendered /Library/Ruby/Gems/2.0.0/gems/actionpack-4.0.2/lib/action_dispatch/middleware/templates/rescues/_trace.erb (1.9ms)
  Rendered /Library/Ruby/Gems/2.0.0/gems/actionpack-4.0.2/lib/action_dispatch/middleware/templates/rescues/_request_and_response.erb (0.9ms)
  Rendered /Library/Ruby/Gems/2.0.0/gems/actionpack-4.0.2/lib/action_dispatch/middleware/templates/rescues/template_error.erb within rescues/layout (11.0ms)


Started GET "/signup" for 127.0.0.1 at 2014-03-04 03:33:50 +0100
Processing by UsersController#new as HTML
  Rendered users/new.html.erb within layouts/application (23.7ms)
  Rendered layouts/_stylesheets.html.erb (13.7ms)
  Rendered layouts/_header.html.erb (3.1ms)
Completed 200 OK in 48ms (Views: 43.9ms | ActiveRecord: 0.4ms)


Started GET "/signup" for 127.0.0.1 at 2014-03-04 03:35:24 +0100
Processing by UsersController#new as HTML
  Rendered users/new.html.erb within layouts/application (1.6ms)
  Rendered layouts/_stylesheets.html.erb (42.5ms)
  Rendered layouts/_header.html.erb (3.3ms)
Completed 200 OK in 52ms (Views: 50.9ms | ActiveRecord: 0.0ms)


Started GET "/signup" for 127.0.0.1 at 2014-03-04 03:36:11 +0100
Processing by UsersController#new as HTML
  Rendered users/new.html.erb within layouts/application (1.8ms)
  Rendered layouts/_stylesheets.html.erb (14.2ms)
  Rendered layouts/_header.html.erb (2.9ms)
Completed 200 OK in 22ms (Views: 21.3ms | ActiveRecord: 0.0ms)


Started GET "/signup" for 127.0.0.1 at 2014-03-04 03:36:24 +0100
Processing by UsersController#new as HTML
  Rendered users/new.html.erb within layouts/application (1.6ms)
  Rendered layouts/_stylesheets.html.erb (12.6ms)
  Rendered layouts/_header.html.erb (2.5ms)
Completed 200 OK in 19ms (Views: 18.9ms | ActiveRecord: 0.0ms)


Started GET "/signup" for 127.0.0.1 at 2014-03-04 03:37:21 +0100
Processing by UsersController#new as HTML
  Rendered users/new.html.erb within layouts/application (1.4ms)
  Rendered layouts/_stylesheets.html.erb (32.7ms)
  Rendered layouts/_header.html.erb (2.9ms)
Completed 200 OK in 40ms (Views: 39.4ms | ActiveRecord: 0.0ms)


Started GET "/" for 127.0.0.1 at 2014-03-04 03:37:54 +0100
Processing by PagesController#home as HTML
  Rendered pages/home.html.erb within layouts/application (0.1ms)
  Rendered layouts/_stylesheets.html.erb (14.8ms)
  Rendered layouts/_header.html.erb (3.5ms)
Completed 200 OK in 22ms (Views: 21.5ms | ActiveRecord: 0.0ms)


Started GET "/signup" for 127.0.0.1 at 2014-03-04 03:37:57 +0100
Processing by UsersController#new as HTML
  Rendered users/new.html.erb within layouts/application (2.1ms)
  Rendered layouts/_stylesheets.html.erb (45.6ms)
  Rendered layouts/_header.html.erb (2.7ms)
Completed 200 OK in 54ms (Views: 52.9ms | ActiveRecord: 0.0ms)


Started GET "/signup" for 127.0.0.1 at 2014-03-04 03:38:11 +0100
Processing by UsersController#new as HTML
  Rendered users/new.html.erb within layouts/application (1.4ms)
  Rendered layouts/_stylesheets.html.erb (13.9ms)
  Rendered layouts/_header.html.erb (3.0ms)
Completed 200 OK in 21ms (Views: 20.9ms | ActiveRecord: 0.0ms)


Started GET "/signup" for 127.0.0.1 at 2014-03-04 03:39:36 +0100
Processing by UsersController#new as HTML
  Rendered users/new.html.erb within layouts/application (2.1ms)
  Rendered layouts/_stylesheets.html.erb (15.2ms)
  Rendered layouts/_header.html.erb (3.1ms)
Completed 200 OK in 24ms (Views: 23.1ms | ActiveRecord: 0.0ms)


Started GET "/signup" for 127.0.0.1 at 2014-03-04 03:39:39 +0100
Processing by UsersController#new as HTML
  Rendered users/new.html.erb within layouts/application (1.4ms)
  Rendered layouts/_stylesheets.html.erb (35.0ms)
  Rendered layouts/_header.html.erb (4.1ms)
Completed 200 OK in 43ms (Views: 42.6ms | ActiveRecord: 0.0ms)


Started GET "/signup" for 127.0.0.1 at 2014-03-04 03:41:13 +0100
Processing by UsersController#new as HTML
  Rendered users/new.html.erb within layouts/application (1.5ms)
  Rendered layouts/_stylesheets.html.erb (13.4ms)
  Rendered layouts/_header.html.erb (3.1ms)
Completed 200 OK in 21ms (Views: 20.3ms | ActiveRecord: 0.0ms)


Started GET "/signup" for 127.0.0.1 at 2014-03-04 03:41:50 +0100
Processing by UsersController#new as HTML
  Rendered users/new.html.erb within layouts/application (1.4ms)
  Rendered layouts/_stylesheets.html.erb (43.4ms)
  Rendered layouts/_header.html.erb (3.4ms)
Completed 200 OK in 51ms (Views: 50.5ms | ActiveRecord: 0.0ms)


Started GET "/signup" for 127.0.0.1 at 2014-03-04 03:42:07 +0100
Processing by UsersController#new as HTML
  Rendered users/new.html.erb within layouts/application (1.5ms)
  Rendered layouts/_stylesheets.html.erb (12.4ms)
  Rendered layouts/_header.html.erb (2.6ms)
Completed 200 OK in 19ms (Views: 18.7ms | ActiveRecord: 0.0ms)


Started GET "/signup" for 127.0.0.1 at 2014-03-04 03:44:25 +0100
Processing by UsersController#new as HTML
  Rendered users/new.html.erb within layouts/application (1.5ms)
  Rendered layouts/_stylesheets.html.erb (12.5ms)
  Rendered layouts/_header.html.erb (2.7ms)
Completed 200 OK in 19ms (Views: 19.0ms | ActiveRecord: 0.0ms)


Started GET "/signup" for 127.0.0.1 at 2014-03-04 03:45:15 +0100
Processing by UsersController#new as HTML
  Rendered users/new.html.erb within layouts/application (1.3ms)
  Rendered layouts/_stylesheets.html.erb (37.8ms)
  Rendered layouts/_header.html.erb (3.3ms)
Completed 200 OK in 45ms (Views: 44.9ms | ActiveRecord: 0.0ms)


Started GET "/signup" for 127.0.0.1 at 2014-03-04 03:45:37 +0100
Processing by UsersController#new as HTML
  Rendered users/new.html.erb within layouts/application (1.4ms)
  Rendered layouts/_stylesheets.html.erb (15.6ms)
  Rendered layouts/_header.html.erb (3.5ms)
Completed 200 OK in 24ms (Views: 23.0ms | ActiveRecord: 0.0ms)


Started GET "/signup" for 127.0.0.1 at 2014-03-04 03:46:15 +0100
Processing by UsersController#new as HTML
  Rendered users/new.html.erb within layouts/application (2.1ms)
  Rendered layouts/_stylesheets.html.erb (13.9ms)
  Rendered layouts/_header.html.erb (3.0ms)
Completed 200 OK in 23ms (Views: 22.1ms | ActiveRecord: 0.0ms)


Started GET "/signup" for 127.0.0.1 at 2014-03-04 03:48:58 +0100
Processing by UsersController#new as HTML
  Rendered users/new.html.erb within layouts/application (2.2ms)
  Rendered layouts/_stylesheets.html.erb (16.5ms)
  Rendered layouts/_header.html.erb (3.3ms)
Completed 200 OK in 26ms (Views: 25.0ms | ActiveRecord: 0.0ms)


Started GET "/signup" for 127.0.0.1 at 2014-03-04 03:49:12 +0100
Processing by UsersController#new as HTML
  Rendered users/new.html.erb within layouts/application (1.4ms)
  Rendered layouts/_stylesheets.html.erb (12.7ms)
  Rendered layouts/_header.html.erb (2.6ms)
Completed 200 OK in 20ms (Views: 19.1ms | ActiveRecord: 0.0ms)


Started GET "/signup" for 127.0.0.1 at 2014-03-04 03:50:12 +0100
Processing by UsersController#new as HTML
  Rendered users/new.html.erb within layouts/application (2.2ms)
  Rendered layouts/_stylesheets.html.erb (32.5ms)
  Rendered layouts/_header.html.erb (3.0ms)
Completed 200 OK in 41ms (Views: 40.2ms | ActiveRecord: 0.0ms)


Started GET "/signup" for 127.0.0.1 at 2014-03-04 03:53:22 +0100
Processing by UsersController#new as HTML
  Rendered users/new.html.erb within layouts/application (1.6ms)
  Rendered layouts/_stylesheets.html.erb (49.0ms)
  Rendered layouts/_header.html.erb (3.1ms)
Completed 200 OK in 57ms (Views: 56.6ms | ActiveRecord: 0.0ms)


Started GET "/signup" for 127.0.0.1 at 2014-03-04 03:54:37 +0100
Processing by UsersController#new as HTML
  Rendered users/new.html.erb within layouts/application (2.3ms)
  Rendered layouts/_stylesheets.html.erb (15.6ms)
  Rendered layouts/_header.html.erb (2.8ms)
Completed 200 OK in 25ms (Views: 23.8ms | ActiveRecord: 0.0ms)


Started GET "/signup" for 127.0.0.1 at 2014-03-04 04:00:35 +0100
Processing by UsersController#new as HTML
  Rendered users/new.html.erb within layouts/application (2.3ms)
  Rendered layouts/_stylesheets.html.erb (12.3ms)
  Rendered layouts/_header.html.erb (2.6ms)
Completed 200 OK in 20ms (Views: 19.6ms | ActiveRecord: 0.0ms)


Started GET "/signup" for 127.0.0.1 at 2014-03-04 04:01:08 +0100
Processing by UsersController#new as HTML
  Rendered users/new.html.erb within layouts/application (2.3ms)
  Rendered layouts/_stylesheets.html.erb (15.1ms)
  Rendered layouts/_header.html.erb (3.1ms)
Completed 200 OK in 24ms (Views: 23.3ms | ActiveRecord: 0.0ms)


Started GET "/signup" for 127.0.0.1 at 2014-03-04 04:01:48 +0100
Processing by UsersController#new as HTML
  Rendered users/new.html.erb within layouts/application (2.6ms)
  Rendered layouts/_stylesheets.html.erb (16.4ms)
  Rendered layouts/_header.html.erb (3.1ms)
Completed 200 OK in 25ms (Views: 24.8ms | ActiveRecord: 0.0ms)


Started GET "/signup" for 127.0.0.1 at 2014-03-04 04:02:29 +0100
Processing by UsersController#new as HTML
  Rendered users/new.html.erb within layouts/application (2.5ms)
  Rendered layouts/_stylesheets.html.erb (15.0ms)
  Rendered layouts/_header.html.erb (2.6ms)
Completed 200 OK in 23ms (Views: 22.7ms | ActiveRecord: 0.0ms)


Started GET "/signup" for 127.0.0.1 at 2014-03-04 04:03:43 +0100
Processing by UsersController#new as HTML
  Rendered users/new.html.erb within layouts/application (2.3ms)
  Rendered layouts/_stylesheets.html.erb (12.7ms)
  Rendered layouts/_header.html.erb (3.2ms)
Completed 200 OK in 21ms (Views: 20.8ms | ActiveRecord: 0.0ms)


Started GET "/" for 127.0.0.1 at 2014-03-04 04:03:45 +0100
Processing by PagesController#home as HTML
  Rendered pages/home.html.erb within layouts/application (0.0ms)
  Rendered layouts/_stylesheets.html.erb (13.1ms)
  Rendered layouts/_header.html.erb (3.1ms)
Completed 200 OK in 20ms (Views: 18.9ms | ActiveRecord: 0.0ms)


Started GET "/" for 127.0.0.1 at 2014-03-04 04:06:27 +0100
Processing by PagesController#home as HTML
  Rendered pages/home.html.erb within layouts/application (0.3ms)
  Rendered layouts/_stylesheets.html.erb (34.2ms)
  Rendered layouts/_header.html.erb (3.7ms)
Completed 200 OK in 42ms (Views: 41.2ms | ActiveRecord: 0.0ms)


Started GET "/" for 127.0.0.1 at 2014-03-04 04:06:42 +0100
Processing by PagesController#home as HTML
  Rendered pages/home.html.erb within layouts/application (0.0ms)
  Rendered layouts/_stylesheets.html.erb (18.2ms)
  Rendered layouts/_header.html.erb (3.6ms)
Completed 200 OK in 25ms (Views: 24.6ms | ActiveRecord: 0.0ms)


Started GET "/" for 127.0.0.1 at 2014-03-04 04:07:01 +0100
Processing by PagesController#home as HTML
  Rendered pages/home.html.erb within layouts/application (0.1ms)
  Rendered layouts/_stylesheets.html.erb (12.7ms)
  Rendered layouts/_header.html.erb (3.1ms)
Completed 200 OK in 20ms (Views: 19.2ms | ActiveRecord: 0.0ms)


Started GET "/" for 127.0.0.1 at 2014-03-04 04:07:10 +0100
Processing by PagesController#home as HTML
  Rendered pages/home.html.erb within layouts/application (0.0ms)
  Rendered layouts/_stylesheets.html.erb (13.6ms)
  Rendered layouts/_header.html.erb (2.7ms)
Completed 200 OK in 19ms (Views: 18.8ms | ActiveRecord: 0.0ms)


Started GET "/signup" for 127.0.0.1 at 2014-03-04 04:07:12 +0100
Processing by UsersController#new as HTML
  Rendered users/new.html.erb within layouts/application (2.4ms)
  Rendered layouts/_stylesheets.html.erb (13.0ms)
  Rendered layouts/_header.html.erb (2.7ms)
Completed 200 OK in 23ms (Views: 22.2ms | ActiveRecord: 0.0ms)


Started GET "/signup" for 127.0.0.1 at 2014-03-04 04:09:23 +0100
Processing by UsersController#new as HTML
  Rendered users/new.html.erb within layouts/application (1.6ms)
  Rendered layouts/_stylesheets.html.erb (31.6ms)
  Rendered layouts/_header.html.erb (3.4ms)
Completed 200 OK in 39ms (Views: 38.8ms | ActiveRecord: 0.0ms)


Started GET "/signup" for 127.0.0.1 at 2014-03-04 04:11:18 +0100
Processing by UsersController#new as HTML
  Rendered users/new.html.erb within layouts/application (3.0ms)
  Rendered layouts/_stylesheets.html.erb (13.4ms)
  Rendered layouts/_header.html.erb (4.0ms)
Completed 200 OK in 24ms (Views: 23.1ms | ActiveRecord: 0.0ms)


Started GET "/signup" for 127.0.0.1 at 2014-03-04 04:12:44 +0100
Processing by UsersController#new as HTML
  Rendered users/new.html.erb within layouts/application (2.0ms)
  Rendered layouts/_stylesheets.html.erb (12.8ms)
  Rendered layouts/_header.html.erb (2.6ms)
Completed 200 OK in 21ms (Views: 19.9ms | ActiveRecord: 0.0ms)


Started GET "/signup" for 127.0.0.1 at 2014-03-04 04:12:52 +0100
Processing by UsersController#new as HTML
  Rendered users/new.html.erb within layouts/application (1.6ms)
  Rendered layouts/_stylesheets.html.erb (12.2ms)
  Rendered layouts/_header.html.erb (3.3ms)
Completed 200 OK in 20ms (Views: 19.8ms | ActiveRecord: 0.0ms)


Started GET "/signup" for 127.0.0.1 at 2014-03-04 04:13:15 +0100
Processing by UsersController#new as HTML
  Rendered users/new.html.erb within layouts/application (1.8ms)
  Rendered layouts/_stylesheets.html.erb (12.3ms)
  Rendered layouts/_header.html.erb (2.6ms)
Completed 200 OK in 19ms (Views: 18.9ms | ActiveRecord: 0.0ms)


Started GET "/signup" for 127.0.0.1 at 2014-03-04 04:14:39 +0100
Processing by UsersController#new as HTML
  Rendered users/new.html.erb within layouts/application (1.8ms)
  Rendered layouts/_stylesheets.html.erb (32.6ms)
  Rendered layouts/_header.html.erb (3.2ms)
Completed 200 OK in 40ms (Views: 40.0ms | ActiveRecord: 0.0ms)


Started GET "/signup" for 127.0.0.1 at 2014-03-04 04:15:18 +0100
Processing by UsersController#new as HTML
  Rendered users/new.html.erb within layouts/application (2.3ms)
  Rendered layouts/_stylesheets.html.erb (14.6ms)
  Rendered layouts/_header.html.erb (36.5ms)
Completed 200 OK in 57ms (Views: 56.5ms | ActiveRecord: 0.0ms)


Started GET "/signup" for 127.0.0.1 at 2014-03-04 04:17:38 +0100
Processing by UsersController#new as HTML
  Rendered users/new.html.erb within layouts/application (1.7ms)
  Rendered layouts/_stylesheets.html.erb (13.4ms)
  Rendered layouts/_header.html.erb (2.7ms)
Completed 200 OK in 21ms (Views: 20.3ms | ActiveRecord: 0.0ms)


Started GET "/signup" for 127.0.0.1 at 2014-03-04 04:17:55 +0100
Processing by UsersController#new as HTML
  Rendered users/new.html.erb within layouts/application (1.6ms)
  Rendered layouts/_stylesheets.html.erb (12.1ms)
  Rendered layouts/_header.html.erb (2.6ms)
Completed 200 OK in 19ms (Views: 18.6ms | ActiveRecord: 0.0ms)


Started GET "/signup" for 127.0.0.1 at 2014-03-04 04:22:00 +0100
Processing by UsersController#new as HTML
  Rendered users/new.html.erb within layouts/application (1.9ms)
  Rendered layouts/_stylesheets.html.erb (12.3ms)
  Rendered layouts/_header.html.erb (2.6ms)
Completed 200 OK in 20ms (Views: 19.0ms | ActiveRecord: 0.0ms)


Started GET "/" for 127.0.0.1 at 2014-03-04 04:22:10 +0100
Processing by PagesController#home as HTML
  Rendered pages/home.html.erb within layouts/application (0.3ms)
  Rendered layouts/_stylesheets.html.erb (34.6ms)
  Rendered layouts/_header.html.erb (3.2ms)
Completed 200 OK in 41ms (Views: 40.8ms | ActiveRecord: 0.0ms)


Started GET "/signup" for 127.0.0.1 at 2014-03-04 04:22:18 +0100
Processing by UsersController#new as HTML
  Rendered users/new.html.erb within layouts/application (2.1ms)
  Rendered layouts/_stylesheets.html.erb (54.6ms)
  Rendered layouts/_header.html.erb (3.4ms)
Completed 200 OK in 63ms (Views: 62.7ms | ActiveRecord: 0.0ms)


Started GET "/" for 127.0.0.1 at 2014-03-04 04:22:22 +0100
Processing by PagesController#home as HTML
  Rendered pages/home.html.erb within layouts/application (0.0ms)
  Rendered layouts/_stylesheets.html.erb (14.4ms)
  Rendered layouts/_header.html.erb (2.8ms)
Completed 200 OK in 20ms (Views: 19.8ms | ActiveRecord: 0.0ms)


Started GET "/" for 127.0.0.1 at 2014-03-04 04:22:46 +0100
Processing by PagesController#home as HTML
  Rendered pages/home.html.erb within layouts/application (0.0ms)
  Rendered layouts/_stylesheets.html.erb (13.6ms)
  Rendered layouts/_header.html.erb (3.2ms)
Completed 200 OK in 20ms (Views: 19.3ms | ActiveRecord: 0.0ms)


Started GET "/" for 127.0.0.1 at 2014-03-04 04:23:22 +0100
Processing by PagesController#home as HTML
  Rendered pages/home.html.erb within layouts/application (0.0ms)
  Rendered layouts/_stylesheets.html.erb (14.0ms)
  Rendered layouts/_header.html.erb (3.4ms)
Completed 200 OK in 21ms (Views: 20.3ms | ActiveRecord: 0.0ms)


Started GET "/" for 127.0.0.1 at 2014-03-04 04:23:42 +0100
Processing by PagesController#home as HTML
  Rendered pages/home.html.erb within layouts/application (0.0ms)
  Rendered layouts/_stylesheets.html.erb (39.2ms)
  Rendered layouts/_header.html.erb (5.6ms)
Completed 200 OK in 48ms (Views: 47.5ms | ActiveRecord: 0.0ms)


Started GET "/" for 127.0.0.1 at 2014-03-04 04:24:02 +0100
Processing by PagesController#home as HTML
  Rendered pages/home.html.erb within layouts/application (0.0ms)
  Rendered layouts/_stylesheets.html.erb (15.7ms)
  Rendered layouts/_header.html.erb (2.9ms)
Completed 200 OK in 21ms (Views: 20.9ms | ActiveRecord: 0.0ms)


Started GET "/" for 127.0.0.1 at 2014-03-04 04:24:11 +0100
Processing by PagesController#home as HTML
  Rendered pages/home.html.erb within layouts/application (0.0ms)
  Rendered layouts/_stylesheets.html.erb (53.0ms)
  Rendered layouts/_header.html.erb (2.9ms)
Completed 200 OK in 59ms (Views: 58.5ms | ActiveRecord: 0.0ms)


Started GET "/" for 127.0.0.1 at 2014-03-04 04:24:18 +0100
Processing by PagesController#home as HTML
  Rendered pages/home.html.erb within layouts/application (0.0ms)
  Rendered layouts/_stylesheets.html.erb (13.1ms)
  Rendered layouts/_header.html.erb (2.6ms)
Completed 200 OK in 19ms (Views: 18.2ms | ActiveRecord: 0.0ms)


Started GET "/signup" for 127.0.0.1 at 2014-03-04 04:24:22 +0100
Processing by UsersController#new as HTML
  Rendered users/new.html.erb within layouts/application (1.6ms)
  Rendered layouts/_stylesheets.html.erb (13.0ms)
  Rendered layouts/_header.html.erb (4.1ms)
Completed 200 OK in 22ms (Views: 21.3ms | ActiveRecord: 0.0ms)


Started GET "/" for 127.0.0.1 at 2014-03-04 04:24:30 +0100
Processing by PagesController#home as HTML
  Rendered pages/home.html.erb within layouts/application (0.0ms)
  Rendered layouts/_stylesheets.html.erb (13.4ms)
  Rendered layouts/_header.html.erb (22.3ms)
Completed 200 OK in 39ms (Views: 38.1ms | ActiveRecord: 0.0ms)


Started GET "/signup" for 127.0.0.1 at 2014-03-04 04:24:33 +0100
Processing by UsersController#new as HTML
  Rendered users/new.html.erb within layouts/application (3.0ms)
  Rendered layouts/_stylesheets.html.erb (14.3ms)
  Rendered layouts/_header.html.erb (3.2ms)
Completed 200 OK in 25ms (Views: 24.0ms | ActiveRecord: 0.0ms)


Started GET "/about" for 127.0.0.1 at 2014-03-04 04:24:34 +0100
Processing by PagesController#about as HTML
  Rendered pages/about.html.erb within layouts/application (0.0ms)
  Rendered layouts/_stylesheets.html.erb (21.0ms)
  Rendered layouts/_header.html.erb (3.5ms)
Completed 200 OK in 28ms (Views: 27.3ms | ActiveRecord: 0.0ms)


Started GET "/" for 127.0.0.1 at 2014-03-04 04:24:40 +0100
Processing by PagesController#home as HTML
  Rendered pages/home.html.erb within layouts/application (0.1ms)
  Rendered layouts/_stylesheets.html.erb (55.5ms)
  Rendered layouts/_header.html.erb (2.7ms)
Completed 200 OK in 63ms (Views: 62.3ms | ActiveRecord: 0.0ms)


Started GET "/" for 127.0.0.1 at 2014-03-04 04:26:36 +0100
Processing by PagesController#home as HTML
  Rendered pages/home.html.erb within layouts/application (0.0ms)
  Rendered layouts/_stylesheets.html.erb (13.3ms)
  Rendered layouts/_header.html.erb (2.6ms)
Completed 200 OK in 19ms (Views: 18.2ms | ActiveRecord: 0.0ms)
